[   82692ms] [ERROR] %o

%s

%s
 ReferenceError: SheetHeader is not defined
    at OrganizationShow (http://[::1]:5175/resources/js/pages/settings/organizations/show.tsx?t=1774642258673:2192:35)
    at Object.react_stack_bottom_frame (http://[::1]:5175/node_modules/.vite/deps/react-dom_client.js?v=d034656e:18509:20)
    at renderWithHooks (http://[::1]:5175/node_modules/.vite/deps/react-dom_client.js?v=d034656e:5654:24)
    at updateFunctionComponent (http://[::1]:5175/node_modules/.vite/deps/react-dom_client.js?v=d034656e:7475:21)
    at beginWork (http://[::1]:5175/node_modules/.vite/deps/react-dom_client.js?v=d034656e:8525:20)
    at runWithFiberInDEV (http://[::1]:5175/node_modules/.vite/deps/react-dom_client.js?v=d034656e:997:72)
    at performUnitOfWork (http://[::1]:5175/node_modules/.vite/deps/react-dom_client.js?v=d034656e:12561:98)
    at workLoopSync (http://[::1]:5175/node_modules/.vite/deps/react-dom_client.js?v=d034656e:12424:43)
    at renderRootSync (http://[::1]:5175/node_modules/.vite/deps/react-dom_client.js?v=d034656e:12408:13)
    at performWorkOnRoot (http://[::1]:5175/node_modules/.vite/deps/react-dom_client.js?v=d034656e:11827:37) The above error occurred in the <OrganizationShow> component. React will try to recreate this component tree from scratch using the error boundary you provided, ErrorBoundary. @ http://[::1]:5175/node_modules/.vite/deps/react-dom_client.js?v=d034656e:7000
[   82694ms] [ERROR] Error caught by boundary: ReferenceError: SheetHeader is not defined
    at OrganizationShow (http://[::1]:5175/resources/js/pages/settings/organizations/show.tsx?t=1774642258673:2192:35)
    at Object.react_stack_bottom_frame (http://[::1]:5175/node_modules/.vite/deps/react-dom_client.js?v=d034656e:18509:20)
    at renderWithHooks (http://[::1]:5175/node_modules/.vite/deps/react-dom_client.js?v=d034656e:5654:24)
    at updateFunctionComponent (http://[::1]:5175/node_modules/.vite/deps/react-dom_client.js?v=d034656e:7475:21)
    at beginWork (http://[::1]:5175/node_modules/.vite/deps/react-dom_client.js?v=d034656e:8525:20)
    at runWithFiberInDEV (http://[::1]:5175/node_modules/.vite/deps/react-dom_client.js?v=d034656e:997:72)
    at performUnitOfWork (http://[::1]:5175/node_modules/.vite/deps/react-dom_client.js?v=d034656e:12561:98)
    at workLoopSync (http://[::1]:5175/node_modules/.vite/deps/react-dom_client.js?v=d034656e:12424:43)
    at renderRootSync (http://[::1]:5175/node_modules/.vite/deps/react-dom_client.js?v=d034656e:12408:13)
    at performWorkOnRoot (http://[::1]:5175/node_modules/.vite/deps/react-dom_client.js?v=d034656e:11827:37) {componentStack: 
    at OrganizationShow (http://[::1]:5175/resour…esources/js/components/ui/error-boundary.tsx:8:5)} @ http://[::1]:5175/resources/js/components/ui/error-boundary.tsx:21
[   99152ms] [ERROR] Failed to load resource: the server responded with a status of 404 (Not Found) @ http://[::1]:5175/resources/js/routes/index.ts?t=1774642275621:0
[   99152ms] [ERROR] [vite] Failed to reload /resources/js/components/user-menu-content.tsx. This could be due to syntax errors or importing non-existent modules. (see errors above) @ http://[::1]:5175/@vite/client:808
[   99154ms] [ERROR] Failed to load resource: the server responded with a status of 404 (Not Found) @ http://[::1]:5175/resources/js/routes/profile/index.ts?t=1774642275612:0
[   99156ms] [ERROR] [vite] Failed to reload /resources/js/components/app-sidebar.tsx. This could be due to syntax errors or importing non-existent modules. (see errors above) @ http://[::1]:5175/@vite/client:808
[   99156ms] [ERROR] [vite] Failed to reload /resources/js/components/user-menu-content.tsx. This could be due to syntax errors or importing non-existent modules. (see errors above) @ http://[::1]:5175/@vite/client:808
[   99350ms] [ERROR] [vite] Failed to reload /resources/js/components/user-menu-content.tsx. This could be due to syntax errors or importing non-existent modules. (see errors above) @ http://[::1]:5175/@vite/client:808
[   99354ms] [ERROR] [vite] Failed to reload /resources/js/components/app-sidebar.tsx. This could be due to syntax errors or importing non-existent modules. (see errors above) @ http://[::1]:5175/@vite/client:808
