[    2216ms] [ERROR] WebSocket connection to 'ws://localhost:8080/app/my-app-key?protocol=7&client=js&version=8.4.0&flash=false' failed: Error in connection establishment: net::ERR_CONNECTION_REFUSED @ http://iot-hub.test/build/assets/app-layout-8xHdiEhY.js:45
[    4008ms] [ERROR] WebSocket connection to 'wss://localhost:8080/app/my-app-key?protocol=7&client=js&version=8.4.0&flash=false' failed: Error in connection establishment: net::ERR_CONNECTION_REFUSED @ http://iot-hub.test/build/assets/app-layout-8xHdiEhY.js:45
[   16929ms] [ERROR] WebSocket connection to 'ws://localhost:8080/app/my-app-key?protocol=7&client=js&version=8.4.0&flash=false' failed: Error in connection establishment: net::ERR_CONNECTION_REFUSED @ http://iot-hub.test/build/assets/app-layout-8xHdiEhY.js:45
[   19049ms] [ERROR] WebSocket connection to 'wss://localhost:8080/app/my-app-key?protocol=7&client=js&version=8.4.0&flash=false' failed: Error in connection establishment: net::ERR_CONNECTION_REFUSED @ http://iot-hub.test/build/assets/app-layout-8xHdiEhY.js:45
[   46894ms] [ERROR] WebSocket connection to 'ws://localhost:8080/app/my-app-key?protocol=7&client=js&version=8.4.0&flash=false' failed: Error in connection establishment: net::ERR_CONNECTION_REFUSED @ http://iot-hub.test/build/assets/app-layout-8xHdiEhY.js:45
[   49058ms] [ERROR] WebSocket connection to 'wss://localhost:8080/app/my-app-key?protocol=7&client=js&version=8.4.0&flash=false' failed: Error in connection establishment: net::ERR_CONNECTION_REFUSED @ http://iot-hub.test/build/assets/app-layout-8xHdiEhY.js:45
[  107034ms] [ERROR] WebSocket connection to 'ws://localhost:8080/app/my-app-key?protocol=7&client=js&version=8.4.0&flash=false' failed: Error in connection establishment: net::ERR_CONNECTION_REFUSED @ http://iot-hub.test/build/assets/app-layout-8xHdiEhY.js:45
[  109175ms] [ERROR] WebSocket connection to 'wss://localhost:8080/app/my-app-key?protocol=7&client=js&version=8.4.0&flash=false' failed: Error in connection establishment: net::ERR_CONNECTION_REFUSED @ http://iot-hub.test/build/assets/app-layout-8xHdiEhY.js:45
[  167014ms] [ERROR] WebSocket connection to 'ws://localhost:8080/app/my-app-key?protocol=7&client=js&version=8.4.0&flash=false' failed: Error in connection establishment: net::ERR_CONNECTION_REFUSED @ http://iot-hub.test/build/assets/app-layout-8xHdiEhY.js:45
[  169110ms] [ERROR] WebSocket connection to 'wss://localhost:8080/app/my-app-key?protocol=7&client=js&version=8.4.0&flash=false' failed: Error in connection establishment: net::ERR_CONNECTION_REFUSED @ http://iot-hub.test/build/assets/app-layout-8xHdiEhY.js:45
[  226983ms] [ERROR] WebSocket connection to 'ws://localhost:8080/app/my-app-key?protocol=7&client=js&version=8.4.0&flash=false' failed: Error in connection establishment: net::ERR_CONNECTION_REFUSED @ http://iot-hub.test/build/assets/app-layout-8xHdiEhY.js:45
[  229128ms] [ERROR] WebSocket connection to 'wss://localhost:8080/app/my-app-key?protocol=7&client=js&version=8.4.0&flash=false' failed: Error in connection establishment: net::ERR_CONNECTION_REFUSED @ http://iot-hub.test/build/assets/app-layout-8xHdiEhY.js:45
[  287067ms] [ERROR] WebSocket connection to 'ws://localhost:8080/app/my-app-key?protocol=7&client=js&version=8.4.0&flash=false' failed: Error in connection establishment: net::ERR_CONNECTION_REFUSED @ http://iot-hub.test/build/assets/app-layout-8xHdiEhY.js:45
[  289220ms] [ERROR] WebSocket connection to 'wss://localhost:8080/app/my-app-key?protocol=7&client=js&version=8.4.0&flash=false' failed: Error in connection establishment: net::ERR_CONNECTION_REFUSED @ http://iot-hub.test/build/assets/app-layout-8xHdiEhY.js:45
[  347112ms] [ERROR] WebSocket connection to 'ws://localhost:8080/app/my-app-key?protocol=7&client=js&version=8.4.0&flash=false' failed: Error in connection establishment: net::ERR_CONNECTION_REFUSED @ http://iot-hub.test/build/assets/app-layout-8xHdiEhY.js:45
[  349289ms] [ERROR] WebSocket connection to 'wss://localhost:8080/app/my-app-key?protocol=7&client=js&version=8.4.0&flash=false' failed: Error in connection establishment: net::ERR_CONNECTION_REFUSED @ http://iot-hub.test/build/assets/app-layout-8xHdiEhY.js:45
[  407213ms] [ERROR] WebSocket connection to 'ws://localhost:8080/app/my-app-key?protocol=7&client=js&version=8.4.0&flash=false' failed: Error in connection establishment: net::ERR_CONNECTION_REFUSED @ http://iot-hub.test/build/assets/app-layout-8xHdiEhY.js:45
[  409292ms] [ERROR] WebSocket connection to 'wss://localhost:8080/app/my-app-key?protocol=7&client=js&version=8.4.0&flash=false' failed: Error in connection establishment: net::ERR_CONNECTION_REFUSED @ http://iot-hub.test/build/assets/app-layout-8xHdiEhY.js:45
[  467291ms] [ERROR] WebSocket connection to 'ws://localhost:8080/app/my-app-key?protocol=7&client=js&version=8.4.0&flash=false' failed: Error in connection establishment: net::ERR_CONNECTION_REFUSED @ http://iot-hub.test/build/assets/app-layout-8xHdiEhY.js:45
[  469361ms] [ERROR] WebSocket connection to 'wss://localhost:8080/app/my-app-key?protocol=7&client=js&version=8.4.0&flash=false' failed: Error in connection establishment: net::ERR_CONNECTION_REFUSED @ http://iot-hub.test/build/assets/app-layout-8xHdiEhY.js:45
[  527330ms] [ERROR] WebSocket connection to 'ws://localhost:8080/app/my-app-key?protocol=7&client=js&version=8.4.0&flash=false' failed: Error in connection establishment: net::ERR_CONNECTION_REFUSED @ http://iot-hub.test/build/assets/app-layout-8xHdiEhY.js:45
[  529422ms] [ERROR] WebSocket connection to 'wss://localhost:8080/app/my-app-key?protocol=7&client=js&version=8.4.0&flash=false' failed: Error in connection establishment: net::ERR_CONNECTION_REFUSED @ http://iot-hub.test/build/assets/app-layout-8xHdiEhY.js:45
[  587430ms] [ERROR] WebSocket connection to 'ws://localhost:8080/app/my-app-key?protocol=7&client=js&version=8.4.0&flash=false' failed: Error in connection establishment: net::ERR_CONNECTION_REFUSED @ http://iot-hub.test/build/assets/app-layout-8xHdiEhY.js:45
[  589451ms] [ERROR] WebSocket connection to 'wss://localhost:8080/app/my-app-key?protocol=7&client=js&version=8.4.0&flash=false' failed: Error in connection establishment: net::ERR_CONNECTION_REFUSED @ http://iot-hub.test/build/assets/app-layout-8xHdiEhY.js:45
[  647452ms] [ERROR] WebSocket connection to 'ws://localhost:8080/app/my-app-key?protocol=7&client=js&version=8.4.0&flash=false' failed: Error in connection establishment: net::ERR_CONNECTION_REFUSED @ http://iot-hub.test/build/assets/app-layout-8xHdiEhY.js:45
[  649490ms] [ERROR] WebSocket connection to 'wss://localhost:8080/app/my-app-key?protocol=7&client=js&version=8.4.0&flash=false' failed: Error in connection establishment: net::ERR_CONNECTION_REFUSED @ http://iot-hub.test/build/assets/app-layout-8xHdiEhY.js:45
[  707532ms] [ERROR] WebSocket connection to 'ws://localhost:8080/app/my-app-key?protocol=7&client=js&version=8.4.0&flash=false' failed: Error in connection establishment: net::ERR_CONNECTION_REFUSED @ http://iot-hub.test/build/assets/app-layout-8xHdiEhY.js:45
[  709552ms] [ERROR] WebSocket connection to 'wss://localhost:8080/app/my-app-key?protocol=7&client=js&version=8.4.0&flash=false' failed: Error in connection establishment: net::ERR_CONNECTION_REFUSED @ http://iot-hub.test/build/assets/app-layout-8xHdiEhY.js:45
[  767633ms] [ERROR] WebSocket connection to 'ws://localhost:8080/app/my-app-key?protocol=7&client=js&version=8.4.0&flash=false' failed: Error in connection establishment: net::ERR_CONNECTION_REFUSED @ http://iot-hub.test/build/assets/app-layout-8xHdiEhY.js:45
[  769582ms] [ERROR] WebSocket connection to 'wss://localhost:8080/app/my-app-key?protocol=7&client=js&version=8.4.0&flash=false' failed: Error in connection establishment: net::ERR_CONNECTION_REFUSED @ http://iot-hub.test/build/assets/app-layout-8xHdiEhY.js:45
[  827705ms] [ERROR] WebSocket connection to 'ws://localhost:8080/app/my-app-key?protocol=7&client=js&version=8.4.0&flash=false' failed: Error in connection establishment: net::ERR_CONNECTION_REFUSED @ http://iot-hub.test/build/assets/app-layout-8xHdiEhY.js:45
[  829639ms] [ERROR] WebSocket connection to 'wss://localhost:8080/app/my-app-key?protocol=7&client=js&version=8.4.0&flash=false' failed: Error in connection establishment: net::ERR_CONNECTION_REFUSED @ http://iot-hub.test/build/assets/app-layout-8xHdiEhY.js:45
[  887784ms] [ERROR] WebSocket connection to 'ws://localhost:8080/app/my-app-key?protocol=7&client=js&version=8.4.0&flash=false' failed: Error in connection establishment: net::ERR_CONNECTION_REFUSED @ http://iot-hub.test/build/assets/app-layout-8xHdiEhY.js:45
[  889732ms] [ERROR] WebSocket connection to 'wss://localhost:8080/app/my-app-key?protocol=7&client=js&version=8.4.0&flash=false' failed: Error in connection establishment: net::ERR_CONNECTION_REFUSED @ http://iot-hub.test/build/assets/app-layout-8xHdiEhY.js:45
[  947796ms] [ERROR] WebSocket connection to 'ws://localhost:8080/app/my-app-key?protocol=7&client=js&version=8.4.0&flash=false' failed: Error in connection establishment: net::ERR_CONNECTION_REFUSED @ http://iot-hub.test/build/assets/app-layout-8xHdiEhY.js:45
[  949779ms] [ERROR] WebSocket connection to 'wss://localhost:8080/app/my-app-key?protocol=7&client=js&version=8.4.0&flash=false' failed: Error in connection establishment: net::ERR_CONNECTION_REFUSED @ http://iot-hub.test/build/assets/app-layout-8xHdiEhY.js:45
[ 1007896ms] [ERROR] WebSocket connection to 'ws://localhost:8080/app/my-app-key?protocol=7&client=js&version=8.4.0&flash=false' failed: Error in connection establishment: net::ERR_CONNECTION_REFUSED @ http://iot-hub.test/build/assets/app-layout-8xHdiEhY.js:45
[ 1009821ms] [ERROR] WebSocket connection to 'wss://localhost:8080/app/my-app-key?protocol=7&client=js&version=8.4.0&flash=false' failed: Error in connection establishment: net::ERR_CONNECTION_REFUSED @ http://iot-hub.test/build/assets/app-layout-8xHdiEhY.js:45
[ 1073619ms] [ERROR] WebSocket connection to 'ws://localhost:8080/app/my-app-key?protocol=7&client=js&version=8.4.0&flash=false' failed: Error in connection establishment: net::ERR_CONNECTION_REFUSED @ http://iot-hub.test/build/assets/app-layout-8xHdiEhY.js:45
[ 1073760ms] [ERROR] WebSocket connection to 'wss://localhost:8080/app/my-app-key?protocol=7&client=js&version=8.4.0&flash=false' failed: Error in connection establishment: net::ERR_CONNECTION_REFUSED @ http://iot-hub.test/build/assets/app-layout-8xHdiEhY.js:45
[ 1129675ms] [ERROR] WebSocket connection to 'ws://localhost:8080/app/my-app-key?protocol=7&client=js&version=8.4.0&flash=false' failed: Error in connection establishment: net::ERR_CONNECTION_REFUSED @ http://iot-hub.test/build/assets/app-layout-8xHdiEhY.js:45
[ 1132290ms] [ERROR] WebSocket connection to 'wss://localhost:8080/app/my-app-key?protocol=7&client=js&version=8.4.0&flash=false' failed: Error in connection establishment: net::ERR_CONNECTION_REFUSED @ http://iot-hub.test/build/assets/app-layout-8xHdiEhY.js:45
[ 1189712ms] [ERROR] WebSocket connection to 'ws://localhost:8080/app/my-app-key?protocol=7&client=js&version=8.4.0&flash=false' failed: Error in connection establishment: net::ERR_CONNECTION_REFUSED @ http://iot-hub.test/build/assets/app-layout-8xHdiEhY.js:45
[ 1192298ms] [ERROR] WebSocket connection to 'wss://localhost:8080/app/my-app-key?protocol=7&client=js&version=8.4.0&flash=false' failed: Error in connection establishment: net::ERR_CONNECTION_REFUSED @ http://iot-hub.test/build/assets/app-layout-8xHdiEhY.js:45
[ 1249813ms] [ERROR] WebSocket connection to 'ws://localhost:8080/app/my-app-key?protocol=7&client=js&version=8.4.0&flash=false' failed: Error in connection establishment: net::ERR_CONNECTION_REFUSED @ http://iot-hub.test/build/assets/app-layout-8xHdiEhY.js:45
[ 1252347ms] [ERROR] WebSocket connection to 'wss://localhost:8080/app/my-app-key?protocol=7&client=js&version=8.4.0&flash=false' failed: Error in connection establishment: net::ERR_CONNECTION_REFUSED @ http://iot-hub.test/build/assets/app-layout-8xHdiEhY.js:45
[ 1309819ms] [ERROR] WebSocket connection to 'ws://localhost:8080/app/my-app-key?protocol=7&client=js&version=8.4.0&flash=false' failed: Error in connection establishment: net::ERR_CONNECTION_REFUSED @ http://iot-hub.test/build/assets/app-layout-8xHdiEhY.js:45
[ 1312399ms] [ERROR] WebSocket connection to 'wss://localhost:8080/app/my-app-key?protocol=7&client=js&version=8.4.0&flash=false' failed: Error in connection establishment: net::ERR_CONNECTION_REFUSED @ http://iot-hub.test/build/assets/app-layout-8xHdiEhY.js:45
[ 1369920ms] [ERROR] WebSocket connection to 'ws://localhost:8080/app/my-app-key?protocol=7&client=js&version=8.4.0&flash=false' failed: Error in connection establishment: net::ERR_CONNECTION_REFUSED @ http://iot-hub.test/build/assets/app-layout-8xHdiEhY.js:45
[ 1372505ms] [ERROR] WebSocket connection to 'wss://localhost:8080/app/my-app-key?protocol=7&client=js&version=8.4.0&flash=false' failed: Error in connection establishment: net::ERR_CONNECTION_REFUSED @ http://iot-hub.test/build/assets/app-layout-8xHdiEhY.js:45
[ 1429946ms] [ERROR] WebSocket connection to 'ws://localhost:8080/app/my-app-key?protocol=7&client=js&version=8.4.0&flash=false' failed: Error in connection establishment: net::ERR_CONNECTION_REFUSED @ http://iot-hub.test/build/assets/app-layout-8xHdiEhY.js:45
[ 1432693ms] [ERROR] WebSocket connection to 'wss://localhost:8080/app/my-app-key?protocol=7&client=js&version=8.4.0&flash=false' failed: Error in connection establishment: net::ERR_CONNECTION_REFUSED @ http://iot-hub.test/build/assets/app-layout-8xHdiEhY.js:45
[ 1490132ms] [ERROR] WebSocket connection to 'ws://localhost:8080/app/my-app-key?protocol=7&client=js&version=8.4.0&flash=false' failed: Error in connection establishment: net::ERR_CONNECTION_REFUSED @ http://iot-hub.test/build/assets/app-layout-8xHdiEhY.js:45
[ 1492652ms] [ERROR] WebSocket connection to 'wss://localhost:8080/app/my-app-key?protocol=7&client=js&version=8.4.0&flash=false' failed: Error in connection establishment: net::ERR_CONNECTION_REFUSED @ http://iot-hub.test/build/assets/app-layout-8xHdiEhY.js:45
[ 1550022ms] [ERROR] WebSocket connection to 'ws://localhost:8080/app/my-app-key?protocol=7&client=js&version=8.4.0&flash=false' failed: Error in connection establishment: net::ERR_CONNECTION_REFUSED @ http://iot-hub.test/build/assets/app-layout-8xHdiEhY.js:45
[ 1552720ms] [ERROR] WebSocket connection to 'wss://localhost:8080/app/my-app-key?protocol=7&client=js&version=8.4.0&flash=false' failed: Error in connection establishment: net::ERR_CONNECTION_REFUSED @ http://iot-hub.test/build/assets/app-layout-8xHdiEhY.js:45
[ 1610182ms] [ERROR] WebSocket connection to 'ws://localhost:8080/app/my-app-key?protocol=7&client=js&version=8.4.0&flash=false' failed: Error in connection establishment: net::ERR_CONNECTION_REFUSED @ http://iot-hub.test/build/assets/app-layout-8xHdiEhY.js:45
[ 1612812ms] [ERROR] WebSocket connection to 'wss://localhost:8080/app/my-app-key?protocol=7&client=js&version=8.4.0&flash=false' failed: Error in connection establishment: net::ERR_CONNECTION_REFUSED @ http://iot-hub.test/build/assets/app-layout-8xHdiEhY.js:45
[ 1670256ms] [ERROR] WebSocket connection to 'ws://localhost:8080/app/my-app-key?protocol=7&client=js&version=8.4.0&flash=false' failed: Error in connection establishment: net::ERR_CONNECTION_REFUSED @ http://iot-hub.test/build/assets/app-layout-8xHdiEhY.js:45
[ 1672839ms] [ERROR] WebSocket connection to 'wss://localhost:8080/app/my-app-key?protocol=7&client=js&version=8.4.0&flash=false' failed: Error in connection establishment: net::ERR_CONNECTION_REFUSED @ http://iot-hub.test/build/assets/app-layout-8xHdiEhY.js:45
[ 1730294ms] [ERROR] WebSocket connection to 'ws://localhost:8080/app/my-app-key?protocol=7&client=js&version=8.4.0&flash=false' failed: Error in connection establishment: net::ERR_CONNECTION_REFUSED @ http://iot-hub.test/build/assets/app-layout-8xHdiEhY.js:45
[ 1732974ms] [ERROR] WebSocket connection to 'wss://localhost:8080/app/my-app-key?protocol=7&client=js&version=8.4.0&flash=false' failed: Error in connection establishment: net::ERR_CONNECTION_REFUSED @ http://iot-hub.test/build/assets/app-layout-8xHdiEhY.js:45
[ 1790349ms] [ERROR] WebSocket connection to 'ws://localhost:8080/app/my-app-key?protocol=7&client=js&version=8.4.0&flash=false' failed: Error in connection establishment: net::ERR_CONNECTION_REFUSED @ http://iot-hub.test/build/assets/app-layout-8xHdiEhY.js:45
[ 1793232ms] [ERROR] WebSocket connection to 'wss://localhost:8080/app/my-app-key?protocol=7&client=js&version=8.4.0&flash=false' failed: Error in connection establishment: net::ERR_CONNECTION_REFUSED @ http://iot-hub.test/build/assets/app-layout-8xHdiEhY.js:45
[ 1850639ms] [ERROR] WebSocket connection to 'ws://localhost:8080/app/my-app-key?protocol=7&client=js&version=8.4.0&flash=false' failed: Error in connection establishment: net::ERR_CONNECTION_REFUSED @ http://iot-hub.test/build/assets/app-layout-8xHdiEhY.js:45
[ 1853066ms] [ERROR] WebSocket connection to 'wss://localhost:8080/app/my-app-key?protocol=7&client=js&version=8.4.0&flash=false' failed: Error in connection establishment: net::ERR_CONNECTION_REFUSED @ http://iot-hub.test/build/assets/app-layout-8xHdiEhY.js:45
[ 1910238ms] [ERROR] WebSocket connection to 'ws://localhost:8080/app/my-app-key?protocol=7&client=js&version=8.4.0&flash=false' failed: Error in connection establishment: net::ERR_CONNECTION_REFUSED @ http://iot-hub.test/build/assets/app-layout-8xHdiEhY.js:45
[ 1913070ms] [ERROR] WebSocket connection to 'wss://localhost:8080/app/my-app-key?protocol=7&client=js&version=8.4.0&flash=false' failed: Error in connection establishment: net::ERR_CONNECTION_REFUSED @ http://iot-hub.test/build/assets/app-layout-8xHdiEhY.js:45
