[     572ms] [ERROR] WebSocket connection to 'ws://localhost:8080/app/my-app-key?protocol=7&client=js&version=8.4.0&flash=false' failed: Error in connection establishment: net::ERR_CONNECTION_REFUSED @ http://iot-hub.test/build/assets/app-layout-D6zeWg6P.js:45
[    2515ms] [ERROR] WebSocket connection to 'wss://localhost:8080/app/my-app-key?protocol=7&client=js&version=8.4.0&flash=false' failed: Error in connection establishment: net::ERR_CONNECTION_REFUSED @ http://iot-hub.test/build/assets/app-layout-D6zeWg6P.js:45
[   15513ms] [ERROR] WebSocket connection to 'ws://localhost:8080/app/my-app-key?protocol=7&client=js&version=8.4.0&flash=false' failed: Error in connection establishment: net::ERR_CONNECTION_REFUSED @ http://iot-hub.test/build/assets/app-layout-D6zeWg6P.js:45
[   17516ms] [ERROR] WebSocket connection to 'wss://localhost:8080/app/my-app-key?protocol=7&client=js&version=8.4.0&flash=false' failed: Error in connection establishment: net::ERR_CONNECTION_REFUSED @ http://iot-hub.test/build/assets/app-layout-D6zeWg6P.js:45
[   45521ms] [ERROR] WebSocket connection to 'ws://localhost:8080/app/my-app-key?protocol=7&client=js&version=8.4.0&flash=false' failed: Error in connection establishment: net::ERR_CONNECTION_REFUSED @ http://iot-hub.test/build/assets/app-layout-D6zeWg6P.js:45
[   47522ms] [ERROR] WebSocket connection to 'wss://localhost:8080/app/my-app-key?protocol=7&client=js&version=8.4.0&flash=false' failed: Error in connection establishment: net::ERR_CONNECTION_REFUSED @ http://iot-hub.test/build/assets/app-layout-D6zeWg6P.js:45
[  105528ms] [ERROR] WebSocket connection to 'ws://localhost:8080/app/my-app-key?protocol=7&client=js&version=8.4.0&flash=false' failed: Error in connection establishment: net::ERR_CONNECTION_REFUSED @ http://iot-hub.test/build/assets/app-layout-D6zeWg6P.js:45
[  107540ms] [ERROR] WebSocket connection to 'wss://localhost:8080/app/my-app-key?protocol=7&client=js&version=8.4.0&flash=false' failed: Error in connection establishment: net::ERR_CONNECTION_REFUSED @ http://iot-hub.test/build/assets/app-layout-D6zeWg6P.js:45
[  165518ms] [ERROR] WebSocket connection to 'ws://localhost:8080/app/my-app-key?protocol=7&client=js&version=8.4.0&flash=false' failed: Error in connection establishment: net::ERR_CONNECTION_REFUSED @ http://iot-hub.test/build/assets/app-layout-D6zeWg6P.js:45
[  167526ms] [ERROR] WebSocket connection to 'wss://localhost:8080/app/my-app-key?protocol=7&client=js&version=8.4.0&flash=false' failed: Error in connection establishment: net::ERR_CONNECTION_REFUSED @ http://iot-hub.test/build/assets/app-layout-D6zeWg6P.js:45
[  225522ms] [ERROR] WebSocket connection to 'ws://localhost:8080/app/my-app-key?protocol=7&client=js&version=8.4.0&flash=false' failed: Error in connection establishment: net::ERR_CONNECTION_REFUSED @ http://iot-hub.test/build/assets/app-layout-D6zeWg6P.js:45
[  227524ms] [ERROR] WebSocket connection to 'wss://localhost:8080/app/my-app-key?protocol=7&client=js&version=8.4.0&flash=false' failed: Error in connection establishment: net::ERR_CONNECTION_REFUSED @ http://iot-hub.test/build/assets/app-layout-D6zeWg6P.js:45
[  285526ms] [ERROR] WebSocket connection to 'ws://localhost:8080/app/my-app-key?protocol=7&client=js&version=8.4.0&flash=false' failed: Error in connection establishment: net::ERR_CONNECTION_REFUSED @ http://iot-hub.test/build/assets/app-layout-D6zeWg6P.js:45
[  287531ms] [ERROR] WebSocket connection to 'wss://localhost:8080/app/my-app-key?protocol=7&client=js&version=8.4.0&flash=false' failed: Error in connection establishment: net::ERR_CONNECTION_REFUSED @ http://iot-hub.test/build/assets/app-layout-D6zeWg6P.js:45
[  345534ms] [ERROR] WebSocket connection to 'ws://localhost:8080/app/my-app-key?protocol=7&client=js&version=8.4.0&flash=false' failed: Error in connection establishment: net::ERR_CONNECTION_REFUSED @ http://iot-hub.test/build/assets/app-layout-D6zeWg6P.js:45
[  347549ms] [ERROR] WebSocket connection to 'wss://localhost:8080/app/my-app-key?protocol=7&client=js&version=8.4.0&flash=false' failed: Error in connection establishment: net::ERR_CONNECTION_REFUSED @ http://iot-hub.test/build/assets/app-layout-D6zeWg6P.js:45
[  405548ms] [ERROR] WebSocket connection to 'ws://localhost:8080/app/my-app-key?protocol=7&client=js&version=8.4.0&flash=false' failed: Error in connection establishment: net::ERR_CONNECTION_REFUSED @ http://iot-hub.test/build/assets/app-layout-D6zeWg6P.js:45
[  407532ms] [ERROR] WebSocket connection to 'wss://localhost:8080/app/my-app-key?protocol=7&client=js&version=8.4.0&flash=false' failed: Error in connection establishment: net::ERR_CONNECTION_REFUSED @ http://iot-hub.test/build/assets/app-layout-D6zeWg6P.js:45
[  465537ms] [ERROR] WebSocket connection to 'ws://localhost:8080/app/my-app-key?protocol=7&client=js&version=8.4.0&flash=false' failed: Error in connection establishment: net::ERR_CONNECTION_REFUSED @ http://iot-hub.test/build/assets/app-layout-D6zeWg6P.js:45
[  467548ms] [ERROR] WebSocket connection to 'wss://localhost:8080/app/my-app-key?protocol=7&client=js&version=8.4.0&flash=false' failed: Error in connection establishment: net::ERR_CONNECTION_REFUSED @ http://iot-hub.test/build/assets/app-layout-D6zeWg6P.js:45
